<?xml version="1.0" encoding="UTF-8"?>
<!-- Generated by org.testng.reporters.JUnitReportReporter -->
<testsuite hostname="Keshav-PC" failures="0" tests="1" name="com.mystore.qa.testcases.MyAddressPageTest" time="19.562" errors="0" timestamp="2019-12-24T16:56:28 NZDT" skipped="0">
  <testcase classname="com.mystore.qa.testcases.MyAddressPageTest" name="validateMyAddressTitleTest" time="19.562"/>
</testsuite> <!-- com.mystore.qa.testcases.MyAddressPageTest -->
