<?xml version="1.0" encoding="UTF-8"?>
<!-- Generated by org.testng.reporters.JUnitReportReporter -->
<testsuite hostname="Keshav-PC" failures="0" tests="3" name="com.mystore.qa.testcases.LoginPageTest" time="54.180" errors="0" timestamp="2019-12-24T16:56:28 NZDT" skipped="0">
  <testcase classname="com.mystore.qa.testcases.LoginPageTest" name="loginPageTitleTest" time="16.053"/>
  <testcase classname="com.mystore.qa.testcases.LoginPageTest" name="mystoreLogoTest" time="20.608"/>
  <testcase classname="com.mystore.qa.testcases.LoginPageTest" name="loginTest" time="17.519"/>
</testsuite> <!-- com.mystore.qa.testcases.LoginPageTest -->
