<?xml version="1.0" encoding="UTF-8"?>
<!-- Generated by org.testng.reporters.JUnitReportReporter -->
<testsuite hostname="Keshav-PC" failures="0" tests="4" name="com.mystore.qa.testcases.MyAccountPageTest" time="73.679" errors="0" timestamp="2019-12-24T16:56:28 NZDT" skipped="0">
  <testcase classname="com.mystore.qa.testcases.MyAccountPageTest" name="validateMyAccountPageTitleTest" time="17.955"/>
  <testcase classname="com.mystore.qa.testcases.MyAccountPageTest" name="validateLabelTest" time="17.280"/>
  <testcase classname="com.mystore.qa.testcases.MyAccountPageTest" name="validateSearchTextImageTest" time="18.264"/>
  <testcase classname="com.mystore.qa.testcases.MyAccountPageTest" name="validateSearchTest" time="20.180"/>
</testsuite> <!-- com.mystore.qa.testcases.MyAccountPageTest -->
