<?xml version="1.0" encoding="UTF-8"?>
<!-- Generated by org.testng.reporters.JUnitReportReporter -->
<testsuite hostname="Keshav-PC" failures="0" tests="1" name="com.mystore.qa.testcases.AddAddressPageTest" time="0.000" errors="0" timestamp="2019-12-20T13:41:45 NZDT" skipped="1">
  <testcase classname="com.mystore.qa.testcases.AddAddressPageTest" name="addAddressPageTest" time="0.000">
    <skipped/>
  </testcase> <!-- addAddressPageTest -->
</testsuite> <!-- com.mystore.qa.testcases.AddAddressPageTest -->
